<?xml version="1.0" encoding="UTF-8" ?>
<testsuite tests="16" failures="0" name="tech.dev.qa.RunCukesTest" time="0.118" errors="0" skipped="8">
  <properties>
[...]
</properties>
  <testcase classname="Scenario: GET Request - GIT Hub User details" name="When user sends a GET request with &quot;https://api.github.com/users/ShankarGarg&quot;" time="0.02"/>
  <testcase classname="Scenario: GET Request - GIT Hub User details" name="Then status code should be 200" time="0.001"/>
  <testcase classname="Scenario: GET Request - GIT Hub User details" name="And response type should be &quot;json&quot;" time="0.001"/>
  <testcase classname="Scenario: GET Request - GIT Hub User details" name="And response contains user name &quot;Shankar Garg&quot;" time="0.001"/>
  <testcase classname="Scenario: GET Request - GIT Hub User details" name="Scenario: GET Request - GIT Hub User details" time="0.001"/>
  <testcase classname="Scenario: POST Request - Register a user" name="When user sends a POST request to &quot;https://selfsolve.apple.com/wcResults.do&quot; with following details" time="0.009">
    <skipped/>
    <system-out>
  Scenario: GET Request - GIT Hub User details                                    &amp;#27;[90m# tech/dev/qa/REST_Services.feature:6&amp;#27;[0m
    &amp;#27;[32mWhen &amp;#27;[0m&amp;#27;[32muser sends a GET request with &quot;&amp;#27;[0m&amp;#27;[32m&amp;#27;[1mhttps://api.github.com/users/ShankarGarg&amp;#27;[0m&amp;#27;[32m&quot;&amp;#27;[0m &amp;#27;[90m# RestServicesSD.user_sends_a_GET_request_with(String)&amp;#27;[0m
    &amp;#27;[32mThen &amp;#27;[0m&amp;#27;[32mstatus code should be &amp;#27;[0m&amp;#27;[32m&amp;#27;[1m200&amp;#27;[0m                                                &amp;#27;[90m# RestServicesSD.status_code_should_be(int)&amp;#27;[0m
    &amp;#27;[32mAnd &amp;#27;[0m&amp;#27;[32mresponse type should be &quot;&amp;#27;[0m&amp;#27;[32m&amp;#27;[1mjson&amp;#27;[0m&amp;#27;[32m&quot;&amp;#27;[0m                                            &amp;#27;[90m# RestServicesSD.response_type_should_be(String)&amp;#27;[0m
    &amp;#27;[32mAnd &amp;#27;[0m&amp;#27;[32mresponse contains user name &quot;&amp;#27;[0m&amp;#27;[32m&amp;#27;[1mShankar Garg&amp;#27;[0m&amp;#27;[32m&quot;&amp;#27;[0m                                &amp;#27;[90m# RestServicesSD.response_contains_user_name(String)&amp;#27;[0m
</system-out>
  </testcase>
  <testcase classname="Scenario: POST Request - Register a user" name="Then status code should be 200" time="0.01">
    <skipped/>
  </testcase>
  <testcase classname="Scenario: POST Request - Register a user" name="And response type should be &quot;html&quot;" time="0.01">
    <skipped/>
  </testcase>
  <testcase classname="Scenario: POST Request - Register a user" name="And response contains user name &quot;C2WGC14ADRJ7&quot;" time="0.011">
    <skipped/>
  </testcase>
  <testcase classname="Scenario: POST Request - Register a user" name="Scenario: POST Request - Register a user" time="0.011">
    <skipped/>
  </testcase>
  <testcase classname="Scenario: POST Request - Register a user" name="Scenario: POST Request - Register a user" time="0.011"/>
  <testcase classname="Scenario: a few cukes" name="Given I have 42 cukes in my belly" time="0"/>
  <testcase classname="Scenario: a few cukes" name="When I wait 1 hour" time="0.008">
    <skipped/>
  </testcase>
  <testcase classname="Scenario: a few cukes" name="Then my belly should growl" time="0.008">
    <skipped/>
  </testcase>
  <testcase classname="Scenario: a few cukes" name="Scenario: a few cukes" time="0.008">
    <skipped/>
  </testcase>
  <testcase classname="Scenario: a few cukes" name="Scenario: a few cukes" time="0.008"/>
</testsuite>